<?xml version="1.0" encoding="UTF-8" ?>
<testsuite tests="21" failures="0" name="com.mkyong.hashing.InputOutputServiceTest" time="0.01" errors="0" skipped="0">
  <properties>
    <property name="java.runtime.name" value="Java(TM) SE Runtime Environment"/>
    <property name="sun.boot.library.path" value="C:\install\Java\jdk1.8.0_231\jre\bin"/>
    <property name="java.vm.version" value="25.231-b11"/>
    <property name="java.vm.vendor" value="Oracle Corporation"/>
    <property name="maven.multiModuleProjectDirectory" value="C:\dev\codeminders\codeminders"/>
    <property name="java.vendor.url" value="http://java.oracle.com/"/>
    <property name="path.separator" value=";"/>
    <property name="guice.disable.misplaced.annotation.check" value="true"/>
    <property name="java.vm.name" value="Java HotSpot(TM) 64-Bit Server VM"/>
    <property name="file.encoding.pkg" value="sun.io"/>
    <property name="user.script" value=""/>
    <property name="user.country" value="RU"/>
    <property name="sun.java.launcher" value="SUN_STANDARD"/>
    <property name="sun.os.patch.level" value=""/>
    <property name="java.vm.specification.name" value="Java Virtual Machine Specification"/>
    <property name="user.dir" value="C:\dev\codeminders\codeminders"/>
    <property name="java.runtime.version" value="1.8.0_231-b11"/>
    <property name="java.awt.graphicsenv" value="sun.awt.Win32GraphicsEnvironment"/>
    <property name="java.endorsed.dirs" value="C:\install\Java\jdk1.8.0_231\jre\lib\endorsed"/>
    <property name="os.arch" value="amd64"/>
    <property name="java.io.tmpdir" value="C:\Users\User\AppData\Local\Temp\"/>
    <property name="line.separator" value="
"/>
    <property name="java.vm.specification.vendor" value="Oracle Corporation"/>
    <property name="user.variant" value=""/>
    <property name="os.name" value="Windows 8.1"/>
    <property name="classworlds.conf" value="C:\Users\User\eclipse-workspace\.metadata\.plugins\org.eclipse.m2e.launching\launches\m2conf1544639071591929587.tmp"/>
    <property name="sun.jnu.encoding" value="Cp1251"/>
    <property name="java.library.path" value="C:\install\Java\jdk1.8.0_231\bin;C:\Windows\Sun\Java\bin;C:\Windows\system32;C:\Windows;C:/Program Files/Java/jre1.8.0_241/bin/server;C:/Program Files/Java/jre1.8.0_241/bin;C:/Program Files/Java/jre1.8.0_241/lib/amd64;C:\Program Files (x86)\Common Files\Oracle\Java\javapath;C:\Windows\system32;C:\Windows;C:\Windows\System32\Wbem;C:\Windows\System32\WindowsPowerShell\v1.0\;C:\install\Java\jdk1.8.0_231\bin;C:\install\maven\apache-maven-3.6.2\bin;C:\Program Files\TortoiseSVN\bin;C:\install\gradle\bin;C:\install\PuTTY\;C:\Users\User\Desktop;;."/>
    <property name="java.specification.name" value="Java Platform API Specification"/>
    <property name="java.class.version" value="52.0"/>
    <property name="sun.management.compiler" value="HotSpot 64-Bit Tiered Compilers"/>
    <property name="os.version" value="6.3"/>
    <property name="user.home" value="C:\Users\User"/>
    <property name="user.timezone" value="Africa/Harare"/>
    <property name="java.awt.printerjob" value="sun.awt.windows.WPrinterJob"/>
    <property name="java.specification.version" value="1.8"/>
    <property name="file.encoding" value="Cp1251"/>
    <property name="user.name" value="User"/>
    <property name="java.class.path" value="C:\Users\User\.p2\pool\plugins\org.eclipse.m2e.maven.runtime_1.11.0.20190220-2117\jars\plexus-classworlds-2.5.2.jar"/>
    <property name="java.vm.specification.version" value="1.8"/>
    <property name="sun.arch.data.model" value="64"/>
    <property name="java.home" value="C:\install\Java\jdk1.8.0_231\jre"/>
    <property name="sun.java.command" value="org.codehaus.plexus.classworlds.launcher.Launcher -B install"/>
    <property name="java.specification.vendor" value="Oracle Corporation"/>
    <property name="user.language" value="ru"/>
    <property name="awt.toolkit" value="sun.awt.windows.WToolkit"/>
    <property name="java.vm.info" value="mixed mode"/>
    <property name="java.version" value="1.8.0_231"/>
    <property name="java.ext.dirs" value="C:\install\Java\jdk1.8.0_231\jre\lib\ext;C:\Windows\Sun\Java\lib\ext"/>
    <property name="sun.boot.class.path" value="C:\install\Java\jdk1.8.0_231\jre\lib\resources.jar;C:\install\Java\jdk1.8.0_231\jre\lib\rt.jar;C:\install\Java\jdk1.8.0_231\jre\lib\sunrsasign.jar;C:\install\Java\jdk1.8.0_231\jre\lib\jsse.jar;C:\install\Java\jdk1.8.0_231\jre\lib\jce.jar;C:\install\Java\jdk1.8.0_231\jre\lib\charsets.jar;C:\install\Java\jdk1.8.0_231\jre\lib\jfr.jar;C:\install\Java\jdk1.8.0_231\jre\classes"/>
    <property name="java.vendor" value="Oracle Corporation"/>
    <property name="maven.home" value="C:\dev\codeminders\codeminders\EMBEDDED"/>
    <property name="file.separator" value="\"/>
    <property name="java.vendor.url.bug" value="http://bugreport.sun.com/bugreport/"/>
    <property name="sun.cpu.endian" value="little"/>
    <property name="sun.io.unicode.encoding" value="UnicodeLittle"/>
    <property name="sun.desktop" value="windows"/>
    <property name="sun.cpu.isalist" value="amd64"/>
  </properties>
  <testcase classname="com.mkyong.hashing.InputOutputServiceTest" name="shouldReturnNotExit" time="0.001"/>
  <testcase classname="com.mkyong.hashing.InputOutputServiceTest" name="shouldReturnNotExistsSecondCommandThenEmptyString" time="0"/>
  <testcase classname="com.mkyong.hashing.InputOutputServiceTest" name="shouldReturnNotExistsFirstCommand" time="0"/>
  <testcase classname="com.mkyong.hashing.InputOutputServiceTest" name="shouldReturnPwdFirstCommand" time="0"/>
  <testcase classname="com.mkyong.hashing.InputOutputServiceTest" name="shouldReturnRootFirstCommand" time="0.002"/>
  <testcase classname="com.mkyong.hashing.InputOutputServiceTest" name="shouldReturnViFirstCommand" time="0.001"/>
  <testcase classname="com.mkyong.hashing.InputOutputServiceTest" name="shouldReturnNotExistsThenUpSecondCommand" time="0"/>
  <testcase classname="com.mkyong.hashing.InputOutputServiceTest" name="shouldReturnStringPathSecondCommandThenEmptyString" time="0"/>
  <testcase classname="com.mkyong.hashing.InputOutputServiceTest" name="shouldReturnNotExistsThenCdSecondCommand" time="0"/>
  <testcase classname="com.mkyong.hashing.InputOutputServiceTest" name="shouldReturnDownFirstCommand" time="0.001"/>
  <testcase classname="com.mkyong.hashing.InputOutputServiceTest" name="shouldReturnNotExistsThenExitSecondCommand" time="0"/>
  <testcase classname="com.mkyong.hashing.InputOutputServiceTest" name="testExitInput" time="0.002"/>
  <testcase classname="com.mkyong.hashing.InputOutputServiceTest" name="shouldReturnNotExistsThenViSecondCommand" time="0"/>
  <testcase classname="com.mkyong.hashing.InputOutputServiceTest" name="shouldReturnExit" time="0.001"/>
  <testcase classname="com.mkyong.hashing.InputOutputServiceTest" name="shouldReturnLsSecondCommand" time="0"/>
  <testcase classname="com.mkyong.hashing.InputOutputServiceTest" name="shouldReturnExitFirstCommand" time="0.001"/>
  <testcase classname="com.mkyong.hashing.InputOutputServiceTest" name="shouldReturnLsFirstCommand" time="0"/>
  <testcase classname="com.mkyong.hashing.InputOutputServiceTest" name="shouldReturnNotExistsThenDownSecondCommand" time="0.001"/>
  <testcase classname="com.mkyong.hashing.InputOutputServiceTest" name="shouldReturnCdFirstCommand" time="0"/>
  <testcase classname="com.mkyong.hashing.InputOutputServiceTest" name="shouldReturnNotExistsFirstCommandThenEmptyString" time="0"/>
  <testcase classname="com.mkyong.hashing.InputOutputServiceTest" name="shouldReturnPwdSecondCommand" time="0"/>
</testsuite>